[debug] [2020-09-11T04:44:01.346Z] ----------------------------------------------------------------------
[debug] [2020-09-11T04:44:01.348Z] Command:       /usr/local/bin/node /usr/local/bin/firebase functions:shell
[debug] [2020-09-11T04:44:01.348Z] CLI Version:   8.10.0
[debug] [2020-09-11T04:44:01.348Z] Platform:      darwin
[debug] [2020-09-11T04:44:01.348Z] Node Version:  v12.16.1
[debug] [2020-09-11T04:44:01.349Z] Time:          Thu Sep 10 2020 21:44:01 GMT-0700 (Pacific Daylight Time)
[debug] [2020-09-11T04:44:01.349Z] ----------------------------------------------------------------------
[debug] [2020-09-11T04:44:01.349Z] 
[debug] [2020-09-11T04:44:01.355Z] > command requires scopes: ["email","openid","https://www.googleapis.com/auth/cloudplatformprojects.readonly","https://www.googleapis.com/auth/firebase","https://www.googleapis.com/auth/cloud-platform"]
[debug] [2020-09-11T04:44:01.355Z] > authorizing via signed-in user
[debug] [2020-09-11T04:44:01.355Z] [iam] checking project material-ui-course-41153 for permissions ["firebase.projects.get"]
[debug] [2020-09-11T04:44:01.357Z] >>> HTTP REQUEST POST https://cloudresourcemanager.googleapis.com/v1/projects/material-ui-course-41153:testIamPermissions  
 {"permissions":["firebase.projects.get"]}
[debug] [2020-09-11T04:44:01.594Z] <<< HTTP RESPONSE 200 {"content-type":"application/json; charset=UTF-8","vary":"X-Origin, Referer, Origin,Accept-Encoding","date":"Fri, 11 Sep 2020 04:44:01 GMT","server":"ESF","cache-control":"private","x-xss-protection":"0","x-frame-options":"SAMEORIGIN","x-content-type-options":"nosniff","server-timing":"gfet4t7; dur=89","alt-svc":"h3-29=\":443\"; ma=2592000,h3-27=\":443\"; ma=2592000,h3-T051=\":443\"; ma=2592000,h3-T050=\":443\"; ma=2592000,h3-Q050=\":443\"; ma=2592000,h3-Q046=\":443\"; ma=2592000,h3-Q043=\":443\"; ma=2592000,quic=\":443\"; ma=2592000; v=\"46,43\"","accept-ranges":"none","transfer-encoding":"chunked"}
[warn] ⚠  Your requested "node" version "10" doesn't match your global version "12" {"metadata":{"emulator":{"name":"functions"},"message":"Your requested \"node\" version \"10\" doesn't match your global version \"12\""}}
[debug] [2020-09-11T04:44:01.604Z] defaultcredentials: writing to file /Users/elliothannahiii/.config/firebase/echannah631_gmail_com_application_default_credentials.json
[debug] [2020-09-11T04:44:01.604Z] DEBUG: Setting GAC to /Users/elliothannahiii/.config/firebase/echannah631_gmail_com_application_default_credentials.json
[debug] [2020-09-11T04:44:01.610Z] [functions] Watching "/Users/elliothannahiii/Coding/React/Udemy-MaterialUi/arcdevelopment/functions" for Cloud Functions...
[debug] [2020-09-11T04:44:01.621Z] DEBUG: [worker-pool] addWorker(~diagnostic~)
[debug] [2020-09-11T04:44:01.621Z] DEBUG: [worker-pool] Adding worker with key ~diagnostic~, total=1
[debug] [2020-09-11T04:44:01.621Z] DEBUG: [worker-pool] submitWork(triggerId=)
[debug] [2020-09-11T04:44:01.622Z] DEBUG: [worker-~diagnostic~-2a588aa0-d945-496d-b81e-905675bf134d]: Assigning socketPath: /var/folders/l_/7q2vk_895lqgx8nqhxs0999r0000gn/T/fire_emu_12788.sock
[debug] [2020-09-11T04:44:01.622Z] DEBUG: [worker-~diagnostic~-2a588aa0-d945-496d-b81e-905675bf134d]: BUSY
[debug] [2020-09-11T04:44:01.815Z] DEBUG: [runtime-status] [12788] Functions runtime initialized. {"cwd":"/Users/elliothannahiii/Coding/React/Udemy-MaterialUi/arcdevelopment/functions","node_version":"12.16.1"}
[debug] [2020-09-11T04:44:01.815Z] DEBUG: [runtime-status] [12788] Disabled runtime features: undefined
[debug] [2020-09-11T04:44:01.817Z] DEBUG: [runtime-status] [12788] Resolved module firebase-admin {"declared":true,"installed":true,"version":"8.13.0","resolution":"/Users/elliothannahiii/Coding/React/Udemy-MaterialUi/arcdevelopment/functions/node_modules/firebase-admin/lib/index.js"}
[debug] [2020-09-11T04:44:01.818Z] DEBUG: [runtime-status] [12788] Resolved module firebase-functions {"declared":true,"installed":true,"version":"3.11.0","resolution":"/Users/elliothannahiii/Coding/React/Udemy-MaterialUi/arcdevelopment/functions/node_modules/firebase-functions/lib/index.js"}
[debug] [2020-09-11T04:44:01.818Z] DEBUG: [runtime-status] [12788] Resolved module firebase-functions {"declared":true,"installed":true,"version":"3.11.0","resolution":"/Users/elliothannahiii/Coding/React/Udemy-MaterialUi/arcdevelopment/functions/node_modules/firebase-functions/lib/index.js"}
[debug] [2020-09-11T04:44:01.819Z] DEBUG: [runtime-status] [12788] Outgoing network have been stubbed. [{"name":"http","status":"mocked"},{"name":"http","status":"mocked"},{"name":"https","status":"mocked"},{"name":"https","status":"mocked"},{"name":"net","status":"mocked"}]
[debug] [2020-09-11T04:44:01.820Z] DEBUG: [runtime-status] [12788] Resolved module firebase-functions {"declared":true,"installed":true,"version":"3.11.0","resolution":"/Users/elliothannahiii/Coding/React/Udemy-MaterialUi/arcdevelopment/functions/node_modules/firebase-functions/lib/index.js"}
[debug] [2020-09-11T04:44:01.847Z] DEBUG: [runtime-status] [12788] Checked functions.config() {"config":{}}
[debug] [2020-09-11T04:44:01.847Z] DEBUG: [runtime-status] [12788] firebase-functions has been stubbed. {"functionsResolution":{"declared":true,"installed":true,"version":"3.11.0","resolution":"/Users/elliothannahiii/Coding/React/Udemy-MaterialUi/arcdevelopment/functions/node_modules/firebase-functions/lib/index.js"}}
[debug] [2020-09-11T04:44:01.848Z] DEBUG: [runtime-status] [12788] Resolved module firebase-functions {"declared":true,"installed":true,"version":"3.11.0","resolution":"/Users/elliothannahiii/Coding/React/Udemy-MaterialUi/arcdevelopment/functions/node_modules/firebase-functions/lib/index.js"}
[debug] [2020-09-11T04:44:01.849Z] DEBUG: [runtime-status] [12788] Resolved module firebase-admin {"declared":true,"installed":true,"version":"8.13.0","resolution":"/Users/elliothannahiii/Coding/React/Udemy-MaterialUi/arcdevelopment/functions/node_modules/firebase-admin/lib/index.js"}
[debug] [2020-09-11T04:44:01.849Z] DEBUG: [runtime-status] [12788] Resolved module firebase-functions {"declared":true,"installed":true,"version":"3.11.0","resolution":"/Users/elliothannahiii/Coding/React/Udemy-MaterialUi/arcdevelopment/functions/node_modules/firebase-functions/lib/index.js"}
[debug] [2020-09-11T04:44:01.849Z] DEBUG: [runtime-status] [12788] firebase-admin has been stubbed. {"adminResolution":{"declared":true,"installed":true,"version":"8.13.0","resolution":"/Users/elliothannahiii/Coding/React/Udemy-MaterialUi/arcdevelopment/functions/node_modules/firebase-admin/lib/index.js"}}
[debug] [2020-09-11T04:44:01.866Z] DEBUG: [runtime-status] [12788] initializeApp(DEFAULT) {"databaseURL":"https://material-ui-course-41153.firebaseio.com","storageBucket":"material-ui-course-41153.appspot.com","projectId":"material-ui-course-41153"}
[warn] ⚠  It looks like you're trying to access functions.config().user but there is no value there. You can learn more about setting up config here: https://firebase.google.com/docs/functions/local-emulator {"metadata":{"emulator":{"name":"functions"},"message":"It looks like you're trying to access functions.config().user but there is no value there. You can learn more about setting up config here: https://firebase.google.com/docs/functions/local-emulator"}}
[warn] ⚠  TypeError: Cannot read property 'email' of undefined
    at Object.<anonymous> (/Users/elliothannahiii/Coding/React/Udemy-MaterialUi/arcdevelopment/functions/index.js:12:23)
    at Module._compile (internal/modules/cjs/loader.js:1158:30)
    at Object.Module._extensions..js (internal/modules/cjs/loader.js:1178:10)
    at Module.load (internal/modules/cjs/loader.js:1002:32)
    at Function.Module._load (internal/modules/cjs/loader.js:901:14)
    at Module.require (internal/modules/cjs/loader.js:1044:19)
    at require (internal/modules/cjs/helpers.js:77:18)
    at /usr/local/lib/node_modules/firebase-tools/lib/emulator/functionsEmulatorRuntime.js:681:33
    at Generator.next (<anonymous>)
    at fulfilled (/usr/local/lib/node_modules/firebase-tools/lib/emulator/functionsEmulatorRuntime.js:5:58) {"metadata":{"emulator":{"name":"functions"},"message":"TypeError: Cannot read property 'email' of undefined\n    at Object.<anonymous> (/Users/elliothannahiii/Coding/React/Udemy-MaterialUi/arcdevelopment/functions/index.js:12:23)\n    at Module._compile (internal/modules/cjs/loader.js:1158:30)\n    at Object.Module._extensions..js (internal/modules/cjs/loader.js:1178:10)\n    at Module.load (internal/modules/cjs/loader.js:1002:32)\n    at Function.Module._load (internal/modules/cjs/loader.js:901:14)\n    at Module.require (internal/modules/cjs/loader.js:1044:19)\n    at require (internal/modules/cjs/helpers.js:77:18)\n    at /usr/local/lib/node_modules/firebase-tools/lib/emulator/functionsEmulatorRuntime.js:681:33\n    at Generator.next (<anonymous>)\n    at fulfilled (/usr/local/lib/node_modules/firebase-tools/lib/emulator/functionsEmulatorRuntime.js:5:58)"}}
[warn] ⚠  We were unable to load your functions code. (see above) {"metadata":{"emulator":{"name":"functions"}}}
[debug] [2020-09-11T04:44:01.884Z] DEBUG: [worker-~diagnostic~-2a588aa0-d945-496d-b81e-905675bf134d]: exited
[debug] [2020-09-11T04:44:01.884Z] DEBUG: [worker-~diagnostic~-2a588aa0-d945-496d-b81e-905675bf134d]: FINISHED
